-------------------------------------------------------------------------------
Test set: com.fulfilment.application.monolith.warehouses.adapters.restapi.WarehouseResourceImplTest
-------------------------------------------------------------------------------
Tests run: 1, Failures: 1, Errors: 0, Skipped: 0, Time elapsed: 27.81 s <<< FAILURE! -- in com.fulfilment.application.monolith.warehouses.adapters.restapi.WarehouseResourceImplTest
com.fulfilment.application.monolith.warehouses.adapters.restapi.WarehouseResourceImplTest.testArchiveAWarehouseUnitByID -- Time elapsed: 2.357 s <<< FAILURE!
org.opentest4j.AssertionFailedError: expected: not <null>
	at org.junit.jupiter.api.AssertionFailureBuilder.build(AssertionFailureBuilder.java:152)
	at org.junit.jupiter.api.AssertionFailureBuilder.buildAndThrow(AssertionFailureBuilder.java:132)
	at org.junit.jupiter.api.AssertNotNull.failNull(AssertNotNull.java:49)
	at org.junit.jupiter.api.AssertNotNull.assertNotNull(AssertNotNull.java:35)
	at org.junit.jupiter.api.AssertNotNull.assertNotNull(AssertNotNull.java:30)
	at org.junit.jupiter.api.Assertions.assertNotNull(Assertions.java:304)
	at com.fulfilment.application.monolith.warehouses.adapters.restapi.WarehouseResourceImplTest.testArchiveAWarehouseUnitByID(WarehouseResourceImplTest.java:128)
	at java.base/java.lang.reflect.Method.invoke(Method.java:568)
	at io.quarkus.test.junit.QuarkusTestExtension.runExtensionMethod(QuarkusTestExtension.java:973)
	at io.quarkus.test.junit.QuarkusTestExtension.interceptTestMethod(QuarkusTestExtension.java:823)
	at java.base/java.util.ArrayList.forEach(ArrayList.java:1511)
	at java.base/java.util.ArrayList.forEach(ArrayList.java:1511)

