-------------------------------------------------------------------------------
Test set: com.fulfilment.application.monolith.warehouses.adapters.restapi.WarehouseResourceImplTest
-------------------------------------------------------------------------------
Tests run: 11, Failures: 0, Errors: 1, Skipped: 0, Time elapsed: 0.249 s <<< FAILURE! -- in com.fulfilment.application.monolith.warehouses.adapters.restapi.WarehouseResourceImplTest
com.fulfilment.application.monolith.warehouses.adapters.restapi.WarehouseResourceImplTest.testReplaceTheCurrentActiveWarehouse -- Time elapsed: 0.019 s <<< ERROR!
java.lang.IllegalArgumentException: Replacing warehouse would exceed location's maximum capacity. Current: 0, Replacing with: 200, Max allowed: 100
	at com.fulfilment.application.monolith.warehouses.domain.usecases.ReplaceWarehouseUseCase.validateCapacityAndStockAgainstLocationLimitsForReplace(ReplaceWarehouseUseCase.java:103)
	at com.fulfilment.application.monolith.warehouses.domain.usecases.ReplaceWarehouseUseCase.replace(ReplaceWarehouseUseCase.java:69)
	at com.fulfilment.application.monolith.warehouses.domain.usecases.ReplaceWarehouseUseCase_ClientProxy.replace(Unknown Source)
	at com.fulfilment.application.monolith.warehouses.adapters.restapi.WarehouseResourceImpl.replaceTheCurrentActiveWarehouse(WarehouseResourceImpl.java:59)
	at com.fulfilment.application.monolith.warehouses.adapters.restapi.WarehouseResourceImpl_ClientProxy.replaceTheCurrentActiveWarehouse(Unknown Source)
	at com.fulfilment.application.monolith.warehouses.adapters.restapi.WarehouseResourceImplTest.testReplaceTheCurrentActiveWarehouse(WarehouseResourceImplTest.java:166)
	at java.base/java.lang.reflect.Method.invoke(Method.java:568)
	at io.quarkus.test.junit.QuarkusTestExtension.runExtensionMethod(QuarkusTestExtension.java:973)
	at io.quarkus.test.junit.QuarkusTestExtension.interceptTestMethod(QuarkusTestExtension.java:823)
	at java.base/java.util.ArrayList.forEach(ArrayList.java:1511)
	at java.base/java.util.ArrayList.forEach(ArrayList.java:1511)

