-------------------------------------------------------------------------------
Test set: com.fulfilment.application.monolith.stores.StoresCoverageBoosterTest
-------------------------------------------------------------------------------
Tests run: 8, Failures: 2, Errors: 3, Skipped: 0, Time elapsed: 0.077 s <<< FAILURE! -- in com.fulfilment.application.monolith.stores.StoresCoverageBoosterTest
com.fulfilment.application.monolith.stores.StoresCoverageBoosterTest.testStoreEntityMethods -- Time elapsed: 0.008 s <<< FAILURE!
org.opentest4j.AssertionFailedError: expected: com.fulfilment.application.monolith.stores.Store@3db9a120<Store<null>> but was: com.fulfilment.application.monolith.stores.Store@2ad81ef1<Store<null>>
	at org.junit.jupiter.api.AssertionFailureBuilder.build(AssertionFailureBuilder.java:151)
	at org.junit.jupiter.api.AssertionFailureBuilder.buildAndThrow(AssertionFailureBuilder.java:132)
	at org.junit.jupiter.api.AssertEquals.failNotEqual(AssertEquals.java:197)
	at org.junit.jupiter.api.AssertEquals.assertEquals(AssertEquals.java:182)
	at org.junit.jupiter.api.AssertEquals.assertEquals(AssertEquals.java:177)
	at org.junit.jupiter.api.Assertions.assertEquals(Assertions.java:1145)
	at com.fulfilment.application.monolith.stores.StoresCoverageBoosterTest.testStoreEntityMethods(StoresCoverageBoosterTest.java:115)
	at java.base/java.lang.reflect.Method.invoke(Method.java:568)
	at io.quarkus.test.junit.QuarkusTestExtension.runExtensionMethod(QuarkusTestExtension.java:973)
	at io.quarkus.test.junit.QuarkusTestExtension.interceptTestMethod(QuarkusTestExtension.java:823)
	at java.base/java.util.ArrayList.forEach(ArrayList.java:1511)
	at java.base/java.util.ArrayList.forEach(ArrayList.java:1511)

com.fulfilment.application.monolith.stores.StoresCoverageBoosterTest.testStoreResourceErrorMapper -- Time elapsed: 0.007 s <<< ERROR!
java.lang.NullPointerException: Cannot invoke "com.fasterxml.jackson.databind.ObjectMapper.createObjectNode()" because "this.objectMapper" is null
	at com.fulfilment.application.monolith.stores.StoreResource$ErrorMapper.toResponse(StoreResource.java:146)
	at com.fulfilment.application.monolith.stores.StoresCoverageBoosterTest.testStoreResourceErrorMapper(StoresCoverageBoosterTest.java:135)
	at java.base/java.lang.reflect.Method.invoke(Method.java:568)
	at io.quarkus.test.junit.QuarkusTestExtension.runExtensionMethod(QuarkusTestExtension.java:973)
	at io.quarkus.test.junit.QuarkusTestExtension.interceptTestMethod(QuarkusTestExtension.java:823)
	at java.base/java.util.ArrayList.forEach(ArrayList.java:1511)
	at java.base/java.util.ArrayList.forEach(ArrayList.java:1511)
	Suppressed: jakarta.ws.rs.WebApplicationException: Web Exception
		at com.fulfilment.application.monolith.stores.StoresCoverageBoosterTest.testStoreResourceErrorMapper(StoresCoverageBoosterTest.java:134)
		... 5 more

com.fulfilment.application.monolith.stores.StoresCoverageBoosterTest.testStorePersistenceOperations -- Time elapsed: 0.005 s <<< ERROR!
jakarta.persistence.TransactionRequiredException: Transaction is not active, consider adding @Transactional to your method to automatically activate one.
	at io.quarkus.hibernate.orm.runtime.session.TransactionScopedSession.persist(TransactionScopedSession.java:144)
	at org.hibernate.engine.spi.SessionLazyDelegator.persist(SessionLazyDelegator.java:282)
	at org.hibernate.Session_OpdLahisOZ9nWRPXMsEFQmQU03A_Synthetic_ClientProxy.persist(Unknown Source)
	at io.quarkus.hibernate.orm.panache.common.runtime.AbstractJpaOperations.persist(AbstractJpaOperations.java:105)
	at io.quarkus.hibernate.orm.panache.common.runtime.AbstractJpaOperations.persist(AbstractJpaOperations.java:100)
	at io.quarkus.hibernate.orm.panache.PanacheEntityBase.persist(PanacheEntityBase.java:65)
	at com.fulfilment.application.monolith.stores.StoresCoverageBoosterTest.testStorePersistenceOperations(StoresCoverageBoosterTest.java:187)
	at java.base/java.lang.reflect.Method.invoke(Method.java:568)
	at io.quarkus.test.junit.QuarkusTestExtension.runExtensionMethod(QuarkusTestExtension.java:973)
	at io.quarkus.test.junit.QuarkusTestExtension.interceptTestMethod(QuarkusTestExtension.java:823)
	at java.base/java.util.ArrayList.forEach(ArrayList.java:1511)
	at java.base/java.util.ArrayList.forEach(ArrayList.java:1511)

com.fulfilment.application.monolith.stores.StoresCoverageBoosterTest.testStoreEdgeCases -- Time elapsed: 0.003 s <<< ERROR!
jakarta.persistence.TransactionRequiredException: Transaction is not active, consider adding @Transactional to your method to automatically activate one.
	at io.quarkus.hibernate.orm.runtime.session.TransactionScopedSession.persist(TransactionScopedSession.java:144)
	at org.hibernate.engine.spi.SessionLazyDelegator.persist(SessionLazyDelegator.java:282)
	at org.hibernate.Session_OpdLahisOZ9nWRPXMsEFQmQU03A_Synthetic_ClientProxy.persist(Unknown Source)
	at io.quarkus.hibernate.orm.panache.common.runtime.AbstractJpaOperations.persist(AbstractJpaOperations.java:105)
	at io.quarkus.hibernate.orm.panache.common.runtime.AbstractJpaOperations.persist(AbstractJpaOperations.java:100)
	at io.quarkus.hibernate.orm.panache.PanacheEntityBase.persist(PanacheEntityBase.java:65)
	at com.fulfilment.application.monolith.stores.StoresCoverageBoosterTest.testStoreEdgeCases(StoresCoverageBoosterTest.java:225)
	at java.base/java.lang.reflect.Method.invoke(Method.java:568)
	at io.quarkus.test.junit.QuarkusTestExtension.runExtensionMethod(QuarkusTestExtension.java:973)
	at io.quarkus.test.junit.QuarkusTestExtension.interceptTestMethod(QuarkusTestExtension.java:823)
	at java.base/java.util.ArrayList.forEach(ArrayList.java:1511)
	at java.base/java.util.ArrayList.forEach(ArrayList.java:1511)

com.fulfilment.application.monolith.stores.StoresCoverageBoosterTest.testStoreTransactionEventListener -- Time elapsed: 0.004 s <<< FAILURE!
org.opentest4j.AssertionFailedError: Expected no exception, but got: Cannot invoke "com.fulfilment.application.monolith.stores.LegacyStoreManagerGateway.createStoreOnLegacySystem(com.fulfilment.application.monolith.stores.Store)" because "this.legacyStoreManagerGateway" is null
	at org.junit.jupiter.api.AssertionUtils.fail(AssertionUtils.java:38)
	at org.junit.jupiter.api.Assertions.fail(Assertions.java:138)
	at com.fulfilment.application.monolith.stores.StoresCoverageBoosterTest.assertDoesNotThrow(StoresCoverageBoosterTest.java:261)
	at com.fulfilment.application.monolith.stores.StoresCoverageBoosterTest.testStoreTransactionEventListener(StoresCoverageBoosterTest.java:165)
	at java.base/java.lang.reflect.Method.invoke(Method.java:568)
	at io.quarkus.test.junit.QuarkusTestExtension.runExtensionMethod(QuarkusTestExtension.java:973)
	at io.quarkus.test.junit.QuarkusTestExtension.interceptTestMethod(QuarkusTestExtension.java:823)
	at java.base/java.util.ArrayList.forEach(ArrayList.java:1511)
	at java.base/java.util.ArrayList.forEach(ArrayList.java:1511)

